[START]
2018-01-31 14:42:00,728,INFO ,[ロットNo]N181CE99100 [処理]上下反転チェックパラメタ : 参照先Proc:9 参照元Proc:12 参照元の完了時Fg:False
2018-01-31 14:42:00,735,INFO ,[ロットNo]N181CE99100 [処理]上下反転チェック(フレーム配置状態) : 
【工程:1 状態:1】
【工程:2 状態:1】
【工程:4 状態:1】
【工程:301 状態:1】
【工程:5 状態:1】
【工程:7 状態:1】
【工程:8 状態:1】
【工程:9 状態:1】
【工程:10 状態:1】
【工程:22 状態:1】
【工程:23 状態:1】
【工程:28 状態:-1】
【工程:29 状態:-1】
【工程:27 状態:-1】
【工程:12 状態:1】
2018-01-31 14:42:00,735,INFO ,[ロットNo]N181CE99100 [処理]上下反転チェック(作業実績) : 
【工程:1 開始Dt:2018/01/31 8:00:00 設備:999999() 反転:False】
【工程:2 開始Dt:2018/01/31 8:02:00 設備:999999() 反転:False】
【工程:4 開始Dt:2018/01/31 8:04:00 設備:999999() 反転:False】
【工程:301 開始Dt:2018/01/31 8:06:00 設備:999999() 反転:False】
【工程:5 開始Dt:2018/01/31 8:08:00 設備:999999() 反転:False】
【工程:7 開始Dt:2018/01/31 8:10:00 設備:999999() 反転:False】
【工程:8 開始Dt:2018/01/31 8:12:00 設備:999999() 反転:False】
【工程:9 開始Dt:2018/01/31 8:14:00 設備:999999() 反転:False】
【工程:10 開始Dt:2018/01/31 8:16:00 設備:999999() 反転:False】
【工程:22 開始Dt:2018/01/31 8:18:00 設備:999999() 反転:False】
【工程:23 開始Dt:2018/01/31 8:20:00 設備:999999() 反転:False】
【工程:28 開始Dt:2018/01/31 8:22:00 設備:112002() 反転:True】
【工程:29 開始Dt:2018/01/31 8:24:00 設備:999999() 反転:False】
【工程:27 開始Dt:2018/01/31 8:26:00 設備:999999() 反転:False】
【工程:12 開始Dt:2018/01/31 14:27:55 設備:112018() 反転:True】
2018-01-31 14:42:00,736,INFO ,[ロットNo]N181CE99100 [処理]上下反転チェック(判定) : 参照先Proc:9(状態:1) / 参照元Proc(タイミング加味):27(状態:-1)
2018-01-31 14:42:43,864,INFO ,[ロットNo]N181CE99100 [処理]上下反転チェックパラメタ : 参照先Proc:9 参照元Proc:12 参照元の完了時Fg:False
2018-01-31 14:42:43,865,INFO ,[ロットNo]N181CE99100 [処理]上下反転チェック(フレーム配置状態) : 
【工程:1 状態:1】
【工程:2 状態:1】
【工程:4 状態:1】
【工程:301 状態:1】
【工程:5 状態:1】
【工程:7 状態:1】
【工程:8 状態:1】
【工程:9 状態:1】
【工程:10 状態:1】
【工程:22 状態:1】
【工程:23 状態:1】
【工程:28 状態:-1】
【工程:29 状態:-1】
【工程:27 状態:-1】
【工程:12 状態:1】
2018-01-31 14:42:43,876,INFO ,[ロットNo]N181CE99100 [処理]上下反転チェック(作業実績) : 
【工程:1 開始Dt:2018/01/31 8:00:00 設備:999999() 反転:False】
【工程:2 開始Dt:2018/01/31 8:02:00 設備:999999() 反転:False】
【工程:4 開始Dt:2018/01/31 8:04:00 設備:999999() 反転:False】
【工程:301 開始Dt:2018/01/31 8:06:00 設備:999999() 反転:False】
【工程:5 開始Dt:2018/01/31 8:08:00 設備:999999() 反転:False】
【工程:7 開始Dt:2018/01/31 8:10:00 設備:999999() 反転:False】
【工程:8 開始Dt:2018/01/31 8:12:00 設備:999999() 反転:False】
【工程:9 開始Dt:2018/01/31 8:14:00 設備:999999() 反転:False】
【工程:10 開始Dt:2018/01/31 8:16:00 設備:999999() 反転:False】
【工程:22 開始Dt:2018/01/31 8:18:00 設備:999999() 反転:False】
【工程:23 開始Dt:2018/01/31 8:20:00 設備:999999() 反転:False】
【工程:28 開始Dt:2018/01/31 8:22:00 設備:112002() 反転:True】
【工程:29 開始Dt:2018/01/31 8:24:00 設備:999999() 反転:False】
【工程:27 開始Dt:2018/01/31 8:26:00 設備:999999() 反転:False】
【工程:12 開始Dt:2018/01/31 14:27:55 設備:112018() 反転:True】
2018-01-31 14:42:43,876,INFO ,[ロットNo]N181CE99100 [処理]上下反転チェック(判定) : 参照先Proc:9(状態:1) / 参照元Proc(タイミング加味):27(状態:-1)
