[START]
2017-05-18 09:24:50,533,INFO ,[装置種類]共通処理 [号機]共通処理 : Ver:2.11.6.0 起動
2017-05-18 09:24:54,718,INFO ,[装置種類]外観検査機 [号機]19 : 監視開始
2017-05-18 09:24:54,884,INFO ,[装置種類]外観検査機 [号機]19 : debug mode
2017-05-18 09:25:01,201,INFO ,[装置種類]外観検査機 [号機]19 : ロットNo:SGATEST1 / [完了時] マッピング処理開始
2017-05-18 09:25:01,327,INFO ,[装置種類]外観検査機 [号機]19 : 【検査後照合】検査エリア:1 開始アドレス00000,完了アドレス00000
2017-05-18 09:25:01,361,INFO ,[装置種類]外観検査機 [号機]19 : 【検査後照合】検査エリア:2 開始アドレス00342,完了アドレス00362
2017-05-18 09:25:01,363,INFO ,[装置種類]外観検査機 [号機]19 : 【検査後照合】    マッピングデータ取得開始 開始アドレス324, 完了アドレス380
2017-05-18 09:25:01,401,INFO ,[装置種類]外観検査機 [号機]19 : 【検査後照合】検査エリア:3 開始アドレス00000,完了アドレス00000
2017-05-18 09:25:01,445,INFO ,[装置種類]外観検査機 [号機]19 : 【検査後照合】検査エリア:4 開始アドレス00988,完了アドレス01008
2017-05-18 09:25:01,445,INFO ,[装置種類]外観検査機 [号機]19 : 【検査後照合】    マッピングデータ取得開始 開始アドレス970, 完了アドレス1026
2017-05-18 09:25:01,495,INFO ,[装置種類]外観検査機 [号機]19 : 【検査後照合】検査エリア:5 開始アドレス00000,完了アドレス00000
2017-05-18 09:25:01,550,INFO ,[装置種類]外観検査機 [号機]19 : 【検査後照合】検査エリア:6 開始アドレス00000,完了アドレス00000
2017-05-18 09:25:01,600,INFO ,[装置種類]外観検査機 [号機]19 : 【検査後照合】検査エリア:7 開始アドレス00000,完了アドレス00000
2017-05-18 09:25:01,650,INFO ,[装置種類]外観検査機 [号機]19 : 【検査後照合】検査エリア:8 開始アドレス00000,完了アドレス00000
2017-05-18 09:25:01,701,INFO ,[装置種類]外観検査機 [号機]19 : 【検査後照合】検査エリア:9 開始アドレス00000,完了アドレス00000
2017-05-18 09:25:01,725,INFO ,[装置種類]外観検査機 [号機]19 : 【検査後照合】検査エリア:10 開始アドレス00000,完了アドレス00000
2017-05-18 09:25:01,776,INFO ,[装置種類]外観検査機 [号機]19 : 【検査後照合】M'g各段検査ステータス:0 0 0 0 0 0 0 0 0 0 0 0 0 0 0 0 0 0 0 0 0 0 0 0
[START]
2017-05-18 16:44:19,882,INFO ,[装置種類]共通処理 [号機]共通処理 : Ver:2.11.6.0 起動

[END]