[START]
2017-04-17 13:06:04,966,INFO ,[装置種類]共通処理 [号機]共通処理 : Ver:2.11.6.0 起動
2017-04-17 13:06:08,926,INFO ,[装置種類]ワイヤーボンダー [号機]SGA-Debug : 監視開始
2017-04-17 13:06:53,616,INFO ,[装置種類]ワイヤーボンダー [号機]SGA-Debug : ロットNo:N174CE04400 / MMファイル内容からマッピング検査設定
2017-04-17 13:06:53,662,FATAL,[装置種類]ワイヤーボンダー [号機]SGA-Debug : MMファイル内容のアドレスが不足しています。不足アドレスには検査を代入しました。ファイルパス:C:\Temp\MM0592170416063240_N174CE04400_SSW247H110P1819_9_N174CE04400.CSV
2017-04-17 13:06:53,732,INFO ,[装置種類]ワイヤーボンダー [号機]SGA-Debug : ロットNo:N174CE04400 / MMファイル内容からマッピング検査設定
2017-04-17 13:06:53,782,INFO ,[装置種類]ワイヤーボンダー [号機]SGA-Debug : ロットNo:N174CE04400 / マッピングファイル作成完了
2017-04-17 13:06:53,817,INFO ,[装置種類]ワイヤーボンダー [号機]SGA-Debug : ロットNo:N174CE04400 / 照合用MMファイル複製完了
[START]
2017-04-17 13:07:17,380,INFO ,[装置種類]共通処理 [号機]共通処理 : Ver:2.11.6.0 起動
2017-04-17 13:07:19,511,INFO ,[装置種類]ワイヤーボンダー [号機]SGA-Debug : 監視開始
2017-04-17 13:07:38,077,INFO ,[装置種類]ワイヤーボンダー [号機]SGA-Debug : ロットNo:N174CE04300 / MMファイル内容からマッピング検査設定
2017-04-17 13:07:38,122,FATAL,[装置種類]ワイヤーボンダー [号機]SGA-Debug : MMファイル内容のアドレスが不足しています。不足アドレスには検査を代入しました。ファイルパス:C:\Temp\MM0431170416005319_N174CE04300_SSW247H110P1819_9_N174CE04300.CSV
2017-04-17 13:07:38,243,INFO ,[装置種類]ワイヤーボンダー [号機]SGA-Debug : ロットNo:N174CE04300 / MMファイル内容からマッピング検査設定
2017-04-17 13:07:38,289,INFO ,[装置種類]ワイヤーボンダー [号機]SGA-Debug : ロットNo:N174CE04300 / マッピングファイル作成完了
2017-04-17 13:07:38,323,INFO ,[装置種類]ワイヤーボンダー [号機]SGA-Debug : ロットNo:N174CE04300 / 照合用MMファイル複製完了
[START]
2017-04-17 13:07:53,460,INFO ,[装置種類]共通処理 [号機]共通処理 : Ver:2.11.6.0 起動
2017-04-17 13:07:55,326,INFO ,[装置種類]ワイヤーボンダー [号機]SGA-Debug : 監視開始
2017-04-17 13:08:09,035,INFO ,[装置種類]ワイヤーボンダー [号機]SGA-Debug : ロットNo:N174CE04100 / MMファイル内容からマッピング検査設定
2017-04-17 13:08:09,073,FATAL,[装置種類]ワイヤーボンダー [号機]SGA-Debug : MMファイル内容のアドレスが不足しています。不足アドレスには検査を代入しました。ファイルパス:C:\Temp\MM0429170415130849_N174CE04100_SSW247H110P1819_9_N174CE04100.CSV
2017-04-17 13:08:09,146,INFO ,[装置種類]ワイヤーボンダー [号機]SGA-Debug : ロットNo:N174CE04100 / MMファイル内容からマッピング検査設定
2017-04-17 13:08:09,197,INFO ,[装置種類]ワイヤーボンダー [号機]SGA-Debug : ロットNo:N174CE04100 / マッピングファイル作成完了
2017-04-17 13:08:09,231,INFO ,[装置種類]ワイヤーボンダー [号機]SGA-Debug : ロットNo:N174CE04100 / 照合用MMファイル複製完了
[START]
2017-04-17 13:08:22,211,INFO ,[装置種類]共通処理 [号機]共通処理 : Ver:2.11.6.0 起動
2017-04-17 13:08:25,689,INFO ,[装置種類]ワイヤーボンダー [号機]SGA-Debug : 監視開始
2017-04-17 13:08:40,400,INFO ,[装置種類]ワイヤーボンダー [号機]SGA-Debug : ロットNo:N174CE04200 / MMファイル内容からマッピング検査設定
2017-04-17 13:08:40,440,FATAL,[装置種類]ワイヤーボンダー [号機]SGA-Debug : MMファイル内容のアドレスが不足しています。不足アドレスには検査を代入しました。ファイルパス:C:\Temp\MM0591170415121730_N174CE04200_SSW247H110P1819_9_N174CE04200.CSV
2017-04-17 13:08:40,515,INFO ,[装置種類]ワイヤーボンダー [号機]SGA-Debug : ロットNo:N174CE04200 / MMファイル内容からマッピング検査設定
2017-04-17 13:08:40,587,INFO ,[装置種類]ワイヤーボンダー [号機]SGA-Debug : ロットNo:N174CE04200 / マッピングファイル作成完了
2017-04-17 13:08:40,622,INFO ,[装置種類]ワイヤーボンダー [号機]SGA-Debug : ロットNo:N174CE04200 / 照合用MMファイル複製完了
[START]
2017-04-17 13:08:53,270,INFO ,[装置種類]共通処理 [号機]共通処理 : Ver:2.11.6.0 起動
2017-04-17 13:08:56,178,INFO ,[装置種類]ワイヤーボンダー [号機]SGA-Debug : 監視開始
2017-04-17 13:09:12,040,INFO ,[装置種類]ワイヤーボンダー [号機]SGA-Debug : ロットNo:N174CE04000 / MMファイル内容からマッピング検査設定
2017-04-17 13:09:12,078,FATAL,[装置種類]ワイヤーボンダー [号機]SGA-Debug : MMファイル内容のアドレスが不足しています。不足アドレスには検査を代入しました。ファイルパス:C:\Temp\MM0428170415041247_N174CE04000_SSW247H110P1819_9_N174CE04000.CSV
2017-04-17 13:09:12,149,INFO ,[装置種類]ワイヤーボンダー [号機]SGA-Debug : ロットNo:N174CE04000 / MMファイル内容からマッピング検査設定
2017-04-17 13:09:12,206,INFO ,[装置種類]ワイヤーボンダー [号機]SGA-Debug : ロットNo:N174CE04000 / マッピングファイル作成完了
2017-04-17 13:09:12,238,INFO ,[装置種類]ワイヤーボンダー [号機]SGA-Debug : ロットNo:N174CE04000 / 照合用MMファイル複製完了
