C:\Program Files (x86)\Microsoft Visual Studio\2019\Community\MSBuild\Microsoft\VC\v160\Microsoft.CppCommon.targets(37,5): warning MSB4211: プロパティ "IntermediateOutputPath" は初めて値に設定されますが、これは "C:\Program Files (x86)\Microsoft Visual Studio\2019\Community\MSBuild\Microsoft\VC\v160\Microsoft.CppCommon.targets (36,5)" で既に使用されています。
C:\Program Files (x86)\Microsoft Visual Studio\2019\Community\MSBuild\Current\Bin\Microsoft.Common.CurrentVersion.targets(340,5): warning MSB4211: プロパティ "CleanFile" は初めて値に設定されますが、これは "C:\Program Files (x86)\Microsoft Visual Studio\2019\Community\MSBuild\Microsoft\VC\v160\Microsoft.CppCommon.targets (36,5)" で既に使用されています。
  Processing .\ElectBalance_JNver.idl
  ElectBalance_JNver.idl
  Processing C:\Program Files (x86)\Windows Kits\10\Include\10.0.18362.0\um\oaidl.idl
  oaidl.idl
  Processing C:\Program Files (x86)\Windows Kits\10\Include\10.0.18362.0\um\objidl.idl
  objidl.idl
  Processing C:\Program Files (x86)\Windows Kits\10\Include\10.0.18362.0\um\unknwn.idl
  unknwn.idl
  Processing C:\Program Files (x86)\Windows Kits\10\Include\10.0.18362.0\shared\wtypes.idl
  wtypes.idl
  Processing C:\Program Files (x86)\Windows Kits\10\Include\10.0.18362.0\shared\wtypesbase.idl
  wtypesbase.idl
  Processing C:\Program Files (x86)\Windows Kits\10\Include\10.0.18362.0\shared\basetsd.h
  basetsd.h
  Processing C:\Program Files (x86)\Windows Kits\10\Include\10.0.18362.0\shared\guiddef.h
  guiddef.h
  Processing C:\Program Files (x86)\Windows Kits\10\Include\10.0.18362.0\um\oaidl.acf
  oaidl.acf
  stdafx.cpp
  DlgProxy.cpp
  ElectBalance_JNver.cpp
  ElectBalance_JNverDlg.cpp
D:\VS2019\ElectBalance_JNver@20180313\ElectBalance_JNver\ElectBalance_JNverDlg.cpp(430,2): warning C4996: 'wcstombs': This function or variable may be unsafe. Consider using wcstombs_s instead. To disable deprecation, use _CRT_SECURE_NO_WARNINGS. See online help for details.
  JyushiCode.cpp
  Jyushihaigou.cpp
  Maintenance.cpp
  measure.cpp
  MntPassword.cpp
  Mnt_Kishu.cpp
  Mnt_Tanto.cpp
  Password.cpp
  Renum.cpp
  RS232CLIB.cpp
     ライブラリ D:\VS2019\ElectBalance_JNver@20180313\Release\ElectBalance_JNver.lib とオブジェクト D:\VS2019\ElectBalance_JNver@20180313\Release\ElectBalance_JNver.exp を作成中
  コード生成しています。
  Previous IPDB not found, fall back to full compilation.
  All 456 functions were compiled because no usable IPDB/IOBJ from previous compilation was found.
  コード生成が終了しました。
  ElectBalance_JNver.vcxproj -> D:\VS2019\ElectBalance_JNver@20180313\Release\ElectBalance_JNver.exe
