d:\vs2019\electbalance_jnver@20180313\electbalance_jnver\release\dlgproxy.obj
d:\vs2019\electbalance_jnver@20180313\electbalance_jnver\release\electbalance_jnver.obj
d:\vs2019\electbalance_jnver@20180313\electbalance_jnver\release\electbalance_jnverdlg.obj
d:\vs2019\electbalance_jnver@20180313\electbalance_jnver\release\jyushicode.obj
d:\vs2019\electbalance_jnver@20180313\electbalance_jnver\release\jyushihaigou.obj
d:\vs2019\electbalance_jnver@20180313\electbalance_jnver\release\maintenance.obj
d:\vs2019\electbalance_jnver@20180313\electbalance_jnver\release\measure.obj
d:\vs2019\electbalance_jnver@20180313\electbalance_jnver\release\mntpassword.obj
d:\vs2019\electbalance_jnver@20180313\electbalance_jnver\release\mnt_kishu.obj
d:\vs2019\electbalance_jnver@20180313\electbalance_jnver\release\mnt_tanto.obj
d:\vs2019\electbalance_jnver@20180313\electbalance_jnver\release\password.obj
d:\vs2019\electbalance_jnver@20180313\electbalance_jnver\release\renum.obj
d:\vs2019\electbalance_jnver@20180313\electbalance_jnver\release\rs232clib.obj
d:\vs2019\electbalance_jnver@20180313\electbalance_jnver\release\stdafx.obj
d:\vs2019\electbalance_jnver@20180313\electbalance_jnver\release\electbalance_jnver.tlb
d:\vs2019\electbalance_jnver@20180313\electbalance_jnver\release\electbalance_jnver.exe.intermediate.manifest
d:\vs2019\electbalance_jnver@20180313\electbalance_jnver\release\electbalance_jnver.res
d:\vs2019\electbalance_jnver@20180313\electbalance_jnver\release\electbalance_jnver.pch
d:\vs2019\electbalance_jnver@20180313\electbalance_jnver\release\vc90.idb
d:\vs2019\electbalance_jnver@20180313\electbalance_jnver\release\vc90.pdb
d:\vs2019\electbalance_jnver@20180313\release\electbalance_jnver.pdb
d:\vs2019\electbalance_jnver@20180313\release\electbalance_jnver.exe
