c:\users\jnk-nkmr\source\repos\electbalance_jnver\electbalance_jnver\release\dlgproxy.obj
c:\users\jnk-nkmr\source\repos\electbalance_jnver\electbalance_jnver\release\electbalance_jnver.obj
c:\users\jnk-nkmr\source\repos\electbalance_jnver\electbalance_jnver\release\electbalance_jnverdlg.obj
c:\users\jnk-nkmr\source\repos\electbalance_jnver\electbalance_jnver\release\jyushicode.obj
c:\users\jnk-nkmr\source\repos\electbalance_jnver\electbalance_jnver\release\jyushihaigou.obj
c:\users\jnk-nkmr\source\repos\electbalance_jnver\electbalance_jnver\release\maintenance.obj
c:\users\jnk-nkmr\source\repos\electbalance_jnver\electbalance_jnver\release\measure.obj
c:\users\jnk-nkmr\source\repos\electbalance_jnver\electbalance_jnver\release\mntpassword.obj
c:\users\jnk-nkmr\source\repos\electbalance_jnver\electbalance_jnver\release\mnt_kishu.obj
c:\users\jnk-nkmr\source\repos\electbalance_jnver\electbalance_jnver\release\mnt_tanto.obj
c:\users\jnk-nkmr\source\repos\electbalance_jnver\electbalance_jnver\release\password.obj
c:\users\jnk-nkmr\source\repos\electbalance_jnver\electbalance_jnver\release\renum.obj
c:\users\jnk-nkmr\source\repos\electbalance_jnver\electbalance_jnver\release\rs232clib.obj
c:\users\jnk-nkmr\source\repos\electbalance_jnver\electbalance_jnver\release\stdafx.obj
c:\users\jnk-nkmr\source\repos\electbalance_jnver\electbalance_jnver\release\electbalance_jnver.tlb
c:\users\jnk-nkmr\source\repos\electbalance_jnver\electbalance_jnver\release\electbalance_jnver.exe.intermediate.manifest
c:\users\jnk-nkmr\source\repos\electbalance_jnver\electbalance_jnver\release\electbalance_jnver.res
c:\users\jnk-nkmr\source\repos\electbalance_jnver\electbalance_jnver\release\electbalance_jnver.pch
c:\users\jnk-nkmr\source\repos\electbalance_jnver\electbalance_jnver\release\vc90.idb
c:\users\jnk-nkmr\source\repos\electbalance_jnver\electbalance_jnver\release\vc90.pdb
c:\users\jnk-nkmr\source\repos\electbalance_jnver\release\electbalance_jnver.pdb
c:\users\jnk-nkmr\source\repos\electbalance_jnver\release\electbalance_jnver.exe
