  Processing .\ElectBalance_JNver.idl
  ElectBalance_JNver.idl
  Processing C:\Program Files (x86)\Windows Kits\10\Include\10.0.18362.0\um\oaidl.idl
  oaidl.idl
  Processing C:\Program Files (x86)\Windows Kits\10\Include\10.0.18362.0\um\objidl.idl
  objidl.idl
  Processing C:\Program Files (x86)\Windows Kits\10\Include\10.0.18362.0\um\unknwn.idl
  unknwn.idl
  Processing C:\Program Files (x86)\Windows Kits\10\Include\10.0.18362.0\shared\wtypes.idl
  wtypes.idl
  Processing C:\Program Files (x86)\Windows Kits\10\Include\10.0.18362.0\shared\wtypesbase.idl
  wtypesbase.idl
  Processing C:\Program Files (x86)\Windows Kits\10\Include\10.0.18362.0\shared\basetsd.h
  basetsd.h
  Processing C:\Program Files (x86)\Windows Kits\10\Include\10.0.18362.0\shared\guiddef.h
  guiddef.h
  Processing C:\Program Files (x86)\Windows Kits\10\Include\10.0.18362.0\um\oaidl.acf
  oaidl.acf
  stdafx.cpp
  DlgProxy.cpp
  ElectBalance_JNver.cpp
  ElectBalance_JNverDlg.cpp
  JyushiCode.cpp
  Jyushihaigou.cpp
  Maintenance.cpp
  measure.cpp
  MntPassword.cpp
  Mnt_Kishu.cpp
  Mnt_Tanto.cpp
  Password.cpp
  Renum.cpp
  RS232CLIB.cpp
     ライブラリ D:\VS2019\ElectBalance_JNver\Release\ElectBalance_JNver.lib とオブジェクト D:\VS2019\ElectBalance_JNver\Release\ElectBalance_JNver.exp を作成中
  コード生成しています。
  431 of 439 functions (98.2%) were compiled, the rest were copied from previous compilation.
    34 functions were new in current compilation
    1 functions had inline decision re-evaluated but remain unchanged
  コード生成が終了しました。
  ElectBalance_JNver.vcxproj -> D:\VS2019\ElectBalance_JNver\Release\ElectBalance_JNver.exe
